<?xml version="1.0" encoding="UTF-8"?>
<!-- Generated by org.testng.reporters.JUnitReportReporter -->
<testsuite skipped="0" hostname="BISWAJEET-DELL" name="files.sumValidation" tests="1" failures="0" timestamp="29 Apr 2020 19:16:30 GMT" time="1.972" errors="0">
  <testcase name="sumOfCourses" time="1.972" classname="files.sumValidation"/>
</testsuite> <!-- files.sumValidation -->
