<?xml version="1.0" encoding="UTF-8"?>
<!-- Generated by org.testng.reporters.JUnitReportReporter -->
<testsuite skipped="0" hostname="BISWAJEET-DELL" name="files.dynamicJson" tests="4" failures="0" timestamp="01 May 2020 08:24:18 GMT" time="6.735" errors="0">
  <testcase name="addTest" time="0.212" classname="files.dynamicJson"/>
  <testcase name="addTest" time="6.127" classname="files.dynamicJson"/>
  <testcase name="addTest" time="0.197" classname="files.dynamicJson"/>
  <testcase name="addTest" time="0.199" classname="files.dynamicJson"/>
</testsuite> <!-- files.dynamicJson -->
